<?xml version="1.0" encoding="UTF-8"?>
<testsuite name="Tests" tests="1" skipped="0" failures="0" errors="0" timestamp="2023-09-09T20:45:27" hostname="WIN-PK97IO7J39D" time="1.319">
  <properties/>
  <testcase name="start" classname="Tests" time="1.319"/>
  <system-out><![CDATA[?[1;31m
Start test 1?[0m
Player 1, place your ships on the game field
  1 2 3 4 5 6 7 8 9 10
A ~ ~ ~ ~ ~ ~ ~ ~ ~ ~ 
B ~ ~ ~ ~ ~ ~ ~ ~ ~ ~ 
C ~ ~ ~ ~ ~ ~ ~ ~ ~ ~ 
D ~ ~ ~ ~ ~ ~ ~ ~ ~ ~ 
E ~ ~ ~ ~ ~ ~ ~ ~ ~ ~ 
F ~ ~ ~ ~ ~ ~ ~ ~ ~ ~ 
G ~ ~ ~ ~ ~ ~ ~ ~ ~ ~ 
H ~ ~ ~ ~ ~ ~ ~ ~ ~ ~ 
I ~ ~ ~ ~ ~ ~ ~ ~ ~ ~ 
J ~ ~ ~ ~ ~ ~ ~ ~ ~ ~ 
Enter the coordinates of the Aircraft Carrier (5 cells):
> F3 F7
(F3, F7), F3, F7
validateInputSize F3, F7
validateCoordinates F3, F7
shipSize=5, abs(endCol - startCol) + 1=5, abs(endRow - startRow) + 1=1
startRow=F, startCol=3, endRow=F, endCol=7,
startNum=3, endNum=7
  1 2 3 4 5 6 7 8 9 10
A ~ ~ ~ ~ ~ ~ ~ ~ ~ ~ 
B ~ ~ ~ ~ ~ ~ ~ ~ ~ ~ 
C ~ ~ ~ ~ ~ ~ ~ ~ ~ ~ 
D ~ ~ ~ ~ ~ ~ ~ ~ ~ ~ 
E ~ ~ ~ ~ ~ ~ ~ ~ ~ ~ 
F ~ ~ O O O O O ~ ~ ~ 
G ~ ~ ~ ~ ~ ~ ~ ~ ~ ~ 
H ~ ~ ~ ~ ~ ~ ~ ~ ~ ~ 
I ~ ~ ~ ~ ~ ~ ~ ~ ~ ~ 
J ~ ~ ~ ~ ~ ~ ~ ~ ~ ~ 
Enter the coordinates of the Battleship (4 cells):
> A1 D1
(A1, D1), A1, D1
validateInputSize A1, D1
validateCoordinates A1, D1
shipSize=4, abs(endCol - startCol) + 1=1, abs(endRow - startRow) + 1=4
startRow=A, startCol=1, endRow=D, endCol=1,
  1 2 3 4 5 6 7 8 9 10
A O ~ ~ ~ ~ ~ ~ ~ ~ ~ 
B O ~ ~ ~ ~ ~ ~ ~ ~ ~ 
C O ~ ~ ~ ~ ~ ~ ~ ~ ~ 
D O ~ ~ ~ ~ ~ ~ ~ ~ ~ 
E ~ ~ ~ ~ ~ ~ ~ ~ ~ ~ 
F ~ ~ O O O O O ~ ~ ~ 
G ~ ~ ~ ~ ~ ~ ~ ~ ~ ~ 
H ~ ~ ~ ~ ~ ~ ~ ~ ~ ~ 
I ~ ~ ~ ~ ~ ~ ~ ~ ~ ~ 
J ~ ~ ~ ~ ~ ~ ~ ~ ~ ~ 
Enter the coordinates of the Submarine (3 cells):
> J7 J10
(J7, J10), J7, J10
validateInputSize J7, J10
validateCoordinates J7, J10
shipSize=3, abs(endCol - startCol) + 1=4, abs(endRow - startRow) + 1=1
Error! Wrong length of the Submarine! Try again:
> J10 J8
(J10, J8), J10, J8
validateInputSize J10, J8
validateCoordinates J10, J8
shipSize=3, abs(endCol - startCol) + 1=3, abs(endRow - startRow) + 1=1
startRow=J, startCol=10, endRow=J, endCol=8,
startNum=8, endNum=10
  1 2 3 4 5 6 7 8 9 10
A O ~ ~ ~ ~ ~ ~ ~ ~ ~ 
B O ~ ~ ~ ~ ~ ~ ~ ~ ~ 
C O ~ ~ ~ ~ ~ ~ ~ ~ ~ 
D O ~ ~ ~ ~ ~ ~ ~ ~ ~ 
E ~ ~ ~ ~ ~ ~ ~ ~ ~ ~ 
F ~ ~ O O O O O ~ ~ ~ 
G ~ ~ ~ ~ ~ ~ ~ ~ ~ ~ 
H ~ ~ ~ ~ ~ ~ ~ ~ ~ ~ 
I ~ ~ ~ ~ ~ ~ ~ ~ ~ ~ 
J ~ ~ ~ ~ ~ ~ ~ O O O 
Enter the coordinates of the Cruiser (3 cells):
> B9 D8
(B9, D8), B9, D8
validateInputSize B9, D8
validateCoordinates B9, D8
shipSize=3, abs(endCol - startCol) + 1=2, abs(endRow - startRow) + 1=3
Error! Wrong length of the Cruiser! Try again:
> B9 D9
(B9, D9), B9, D9
validateInputSize B9, D9
validateCoordinates B9, D9
shipSize=3, abs(endCol - startCol) + 1=1, abs(endRow - startRow) + 1=3
startRow=B, startCol=9, endRow=D, endCol=9,
  1 2 3 4 5 6 7 8 9 10
A O ~ ~ ~ ~ ~ ~ ~ ~ ~ 
B O ~ ~ ~ ~ ~ ~ ~ O ~ 
C O ~ ~ ~ ~ ~ ~ ~ O ~ 
D O ~ ~ ~ ~ ~ ~ ~ O ~ 
E ~ ~ ~ ~ ~ ~ ~ ~ ~ ~ 
F ~ ~ O O O O O ~ ~ ~ 
G ~ ~ ~ ~ ~ ~ ~ ~ ~ ~ 
H ~ ~ ~ ~ ~ ~ ~ ~ ~ ~ 
I ~ ~ ~ ~ ~ ~ ~ ~ ~ ~ 
J ~ ~ ~ ~ ~ ~ ~ O O O 
Enter the coordinates of the Destroyer (2 cells):
> E6 D6
(E6, D6), E6, D6
validateInputSize E6, D6
validateCoordinates E6, D6
shipSize=2, abs(endCol - startCol) + 1=1, abs(endRow - startRow) + 1=2
startRow=E, startCol=6, endRow=D, endCol=6,
Error! Wrong ship location! Try again:
> I2 J2
(I2, J2), I2, J2
validateInputSize I2, J2
validateCoordinates I2, J2
shipSize=2, abs(endCol - startCol) + 1=1, abs(endRow - startRow) + 1=2
startRow=I, startCol=2, endRow=J, endCol=2,
  1 2 3 4 5 6 7 8 9 10
A O ~ ~ ~ ~ ~ ~ ~ ~ ~ 
B O ~ ~ ~ ~ ~ ~ ~ O ~ 
C O ~ ~ ~ ~ ~ ~ ~ O ~ 
D O ~ ~ ~ ~ ~ ~ ~ O ~ 
E ~ ~ ~ ~ ~ ~ ~ ~ ~ ~ 
F ~ ~ O O O O O ~ ~ ~ 
G ~ ~ ~ ~ ~ ~ ~ ~ ~ ~ 
H ~ ~ ~ ~ ~ ~ ~ ~ ~ ~ 
I ~ O ~ ~ ~ ~ ~ ~ ~ ~ 
J ~ O ~ ~ ~ ~ ~ O O O 
Press Enter and pass the move to another player
> 
Player 2, place your ships on the game field
  1 2 3 4 5 6 7 8 9 10
A ~ ~ ~ ~ ~ ~ ~ ~ ~ ~ 
B ~ ~ ~ ~ ~ ~ ~ ~ ~ ~ 
C ~ ~ ~ ~ ~ ~ ~ ~ ~ ~ 
D ~ ~ ~ ~ ~ ~ ~ ~ ~ ~ 
E ~ ~ ~ ~ ~ ~ ~ ~ ~ ~ 
F ~ ~ ~ ~ ~ ~ ~ ~ ~ ~ 
G ~ ~ ~ ~ ~ ~ ~ ~ ~ ~ 
H ~ ~ ~ ~ ~ ~ ~ ~ ~ ~ 
I ~ ~ ~ ~ ~ ~ ~ ~ ~ ~ 
J ~ ~ ~ ~ ~ ~ ~ ~ ~ ~ 
Enter the coordinates of the Aircraft Carrier (5 cells):
> H2 H6
(H2, H6), H2, H6
validateInputSize H2, H6
validateCoordinates H2, H6
shipSize=5, abs(endCol - startCol) + 1=5, abs(endRow - startRow) + 1=1
startRow=H, startCol=2, endRow=H, endCol=6,
startNum=2, endNum=6
  1 2 3 4 5 6 7 8 9 10
A ~ ~ ~ ~ ~ ~ ~ ~ ~ ~ 
B ~ ~ ~ ~ ~ ~ ~ ~ ~ ~ 
C ~ ~ ~ ~ ~ ~ ~ ~ ~ ~ 
D ~ ~ ~ ~ ~ ~ ~ ~ ~ ~ 
E ~ ~ ~ ~ ~ ~ ~ ~ ~ ~ 
F ~ ~ ~ ~ ~ ~ ~ ~ ~ ~ 
G ~ ~ ~ ~ ~ ~ ~ ~ ~ ~ 
H ~ O O O O O ~ ~ ~ ~ 
I ~ ~ ~ ~ ~ ~ ~ ~ ~ ~ 
J ~ ~ ~ ~ ~ ~ ~ ~ ~ ~ 
Enter the coordinates of the Battleship (4 cells):
> F3 F6
(F3, F6), F3, F6
validateInputSize F3, F6
validateCoordinates F3, F6
shipSize=4, abs(endCol - startCol) + 1=4, abs(endRow - startRow) + 1=1
startRow=F, startCol=3, endRow=F, endCol=6,
startNum=3, endNum=6
  1 2 3 4 5 6 7 8 9 10
A ~ ~ ~ ~ ~ ~ ~ ~ ~ ~ 
B ~ ~ ~ ~ ~ ~ ~ ~ ~ ~ 
C ~ ~ ~ ~ ~ ~ ~ ~ ~ ~ 
D ~ ~ ~ ~ ~ ~ ~ ~ ~ ~ 
E ~ ~ ~ ~ ~ ~ ~ ~ ~ ~ 
F ~ ~ O O O O ~ ~ ~ ~ 
G ~ ~ ~ ~ ~ ~ ~ ~ ~ ~ 
H ~ O O O O O ~ ~ ~ ~ 
I ~ ~ ~ ~ ~ ~ ~ ~ ~ ~ 
J ~ ~ ~ ~ ~ ~ ~ ~ ~ ~ 
Enter the coordinates of the Submarine (3 cells):
> H8 F8
(H8, F8), H8, F8
validateInputSize H8, F8
validateCoordinates H8, F8
shipSize=3, abs(endCol - startCol) + 1=1, abs(endRow - startRow) + 1=3
startRow=H, startCol=8, endRow=F, endCol=8,
  1 2 3 4 5 6 7 8 9 10
A ~ ~ ~ ~ ~ ~ ~ ~ ~ ~ 
B ~ ~ ~ ~ ~ ~ ~ ~ ~ ~ 
C ~ ~ ~ ~ ~ ~ ~ ~ ~ ~ 
D ~ ~ ~ ~ ~ ~ ~ ~ ~ ~ 
E ~ ~ ~ ~ ~ ~ ~ ~ ~ ~ 
F ~ ~ O O O O ~ O ~ ~ 
G ~ ~ ~ ~ ~ ~ ~ O ~ ~ 
H ~ O O O O O ~ O ~ ~ 
I ~ ~ ~ ~ ~ ~ ~ ~ ~ ~ 
J ~ ~ ~ ~ ~ ~ ~ ~ ~ ~ 
Enter the coordinates of the Cruiser (3 cells):
> D4 D6
(D4, D6), D4, D6
validateInputSize D4, D6
validateCoordinates D4, D6
shipSize=3, abs(endCol - startCol) + 1=3, abs(endRow - startRow) + 1=1
startRow=D, startCol=4, endRow=D, endCol=6,
startNum=4, endNum=6
  1 2 3 4 5 6 7 8 9 10
A ~ ~ ~ ~ ~ ~ ~ ~ ~ ~ 
B ~ ~ ~ ~ ~ ~ ~ ~ ~ ~ 
C ~ ~ ~ ~ ~ ~ ~ ~ ~ ~ 
D ~ ~ ~ O O O ~ ~ ~ ~ 
E ~ ~ ~ ~ ~ ~ ~ ~ ~ ~ 
F ~ ~ O O O O ~ O ~ ~ 
G ~ ~ ~ ~ ~ ~ ~ O ~ ~ 
H ~ O O O O O ~ O ~ ~ 
I ~ ~ ~ ~ ~ ~ ~ ~ ~ ~ 
J ~ ~ ~ ~ ~ ~ ~ ~ ~ ~ 
Enter the coordinates of the Destroyer (2 cells):
> D8 C8
(D8, C8), D8, C8
validateInputSize D8, C8
validateCoordinates D8, C8
shipSize=2, abs(endCol - startCol) + 1=1, abs(endRow - startRow) + 1=2
startRow=D, startCol=8, endRow=C, endCol=8,
  1 2 3 4 5 6 7 8 9 10
A ~ ~ ~ ~ ~ ~ ~ ~ ~ ~ 
B ~ ~ ~ ~ ~ ~ ~ ~ ~ ~ 
C ~ ~ ~ ~ ~ ~ ~ O ~ ~ 
D ~ ~ ~ O O O ~ O ~ ~ 
E ~ ~ ~ ~ ~ ~ ~ ~ ~ ~ 
F ~ ~ O O O O ~ O ~ ~ 
G ~ ~ ~ ~ ~ ~ ~ O ~ ~ 
H ~ O O O O O ~ O ~ ~ 
I ~ ~ ~ ~ ~ ~ ~ ~ ~ ~ 
J ~ ~ ~ ~ ~ ~ ~ ~ ~ ~ 
Press Enter and pass the move to another player
> 
  1 2 3 4 5 6 7 8 9 10
A ~ ~ ~ ~ ~ ~ ~ ~ ~ ~ 
B ~ ~ ~ ~ ~ ~ ~ ~ ~ ~ 
C ~ ~ ~ ~ ~ ~ ~ ~ ~ ~ 
D ~ ~ ~ ~ ~ ~ ~ ~ ~ ~ 
E ~ ~ ~ ~ ~ ~ ~ ~ ~ ~ 
F ~ ~ ~ ~ ~ ~ ~ ~ ~ ~ 
G ~ ~ ~ ~ ~ ~ ~ ~ ~ ~ 
H ~ ~ ~ ~ ~ ~ ~ ~ ~ ~ 
I ~ ~ ~ ~ ~ ~ ~ ~ ~ ~ 
J ~ ~ ~ ~ ~ ~ ~ ~ ~ ~ 
---------------------
  1 2 3 4 5 6 7 8 9 10
A O ~ ~ ~ ~ ~ ~ ~ ~ ~ 
B O ~ ~ ~ ~ ~ ~ ~ O ~ 
C O ~ ~ ~ ~ ~ ~ ~ O ~ 
D O ~ ~ ~ ~ ~ ~ ~ O ~ 
E ~ ~ ~ ~ ~ ~ ~ ~ ~ ~ 
F ~ ~ O O O O O ~ ~ ~ 
G ~ ~ ~ ~ ~ ~ ~ ~ ~ ~ 
H ~ ~ ~ ~ ~ ~ ~ ~ ~ ~ 
I ~ O ~ ~ ~ ~ ~ ~ ~ ~ 
J ~ O ~ ~ ~ ~ ~ O O O 
Player 1, it's your turn:
> I3
You missed. Try again:
Press Enter and pass the move to another player
> 
  1 2 3 4 5 6 7 8 9 10
A ~ ~ ~ ~ ~ ~ ~ ~ ~ ~ 
B ~ ~ ~ ~ ~ ~ ~ ~ ~ ~ 
C ~ ~ ~ ~ ~ ~ ~ ~ ~ ~ 
D ~ ~ ~ ~ ~ ~ ~ ~ ~ ~ 
E ~ ~ ~ ~ ~ ~ ~ ~ ~ ~ 
F ~ ~ ~ ~ ~ ~ ~ ~ ~ ~ 
G ~ ~ ~ ~ ~ ~ ~ ~ ~ ~ 
H ~ ~ ~ ~ ~ ~ ~ ~ ~ ~ 
I ~ ~ ~ ~ ~ ~ ~ ~ ~ ~ 
J ~ ~ ~ ~ ~ ~ ~ ~ ~ ~ 
---------------------
  1 2 3 4 5 6 7 8 9 10
A ~ ~ ~ ~ ~ ~ ~ ~ ~ ~ 
B ~ ~ ~ ~ ~ ~ ~ ~ ~ ~ 
C ~ ~ ~ ~ ~ ~ ~ O ~ ~ 
D ~ ~ ~ O O O ~ O ~ ~ 
E ~ ~ ~ ~ ~ ~ ~ ~ ~ ~ 
F ~ ~ O O O O ~ O ~ ~ 
G ~ ~ ~ ~ ~ ~ ~ O ~ ~ 
H ~ O O O O O ~ O ~ ~ 
I ~ ~ M ~ ~ ~ ~ ~ ~ ~ 
J ~ ~ ~ ~ ~ ~ ~ ~ ~ ~ 
Player 2, it's your turn:
> C9
You hit a ship! Try again:
Press Enter and pass the move to another player
> 
  1 2 3 4 5 6 7 8 9 10
A ~ ~ ~ ~ ~ ~ ~ ~ ~ ~ 
B ~ ~ ~ ~ ~ ~ ~ ~ ~ ~ 
C ~ ~ ~ ~ ~ ~ ~ ~ ~ ~ 
D ~ ~ ~ ~ ~ ~ ~ ~ ~ ~ 
E ~ ~ ~ ~ ~ ~ ~ ~ ~ ~ 
F ~ ~ ~ ~ ~ ~ ~ ~ ~ ~ 
G ~ ~ ~ ~ ~ ~ ~ ~ ~ ~ 
H ~ ~ ~ ~ ~ ~ ~ ~ ~ ~ 
I ~ ~ ~ ~ ~ ~ ~ ~ ~ ~ 
J ~ ~ ~ ~ ~ ~ ~ ~ ~ ~ 
---------------------
  1 2 3 4 5 6 7 8 9 10
A O ~ ~ ~ ~ ~ ~ ~ ~ ~ 
B O ~ ~ ~ ~ ~ ~ ~ O ~ 
C O ~ ~ ~ ~ ~ ~ ~ X ~ 
D O ~ ~ ~ ~ ~ ~ ~ O ~ 
E ~ ~ ~ ~ ~ ~ ~ ~ ~ ~ 
F ~ ~ O O O O O ~ ~ ~ 
G ~ ~ ~ ~ ~ ~ ~ ~ ~ ~ 
H ~ ~ ~ ~ ~ ~ ~ ~ ~ ~ 
I ~ O ~ ~ ~ ~ ~ ~ ~ ~ 
J ~ O ~ ~ ~ ~ ~ O O O 
Player 1, it's your turn:
> D4
You hit a ship! Try again:
Press Enter and pass the move to another player
> 
  1 2 3 4 5 6 7 8 9 10
A ~ ~ ~ ~ ~ ~ ~ ~ ~ ~ 
B ~ ~ ~ ~ ~ ~ ~ ~ ~ ~ 
C ~ ~ ~ ~ ~ ~ ~ ~ ~ ~ 
D ~ ~ ~ ~ ~ ~ ~ ~ ~ ~ 
E ~ ~ ~ ~ ~ ~ ~ ~ ~ ~ 
F ~ ~ ~ ~ ~ ~ ~ ~ ~ ~ 
G ~ ~ ~ ~ ~ ~ ~ ~ ~ ~ 
H ~ ~ ~ ~ ~ ~ ~ ~ ~ ~ 
I ~ ~ ~ ~ ~ ~ ~ ~ ~ ~ 
J ~ ~ ~ ~ ~ ~ ~ ~ ~ ~ 
---------------------
  1 2 3 4 5 6 7 8 9 10
A ~ ~ ~ ~ ~ ~ ~ ~ ~ ~ 
B ~ ~ ~ ~ ~ ~ ~ ~ ~ ~ 
C ~ ~ ~ ~ ~ ~ ~ O ~ ~ 
D ~ ~ ~ X O O ~ O ~ ~ 
E ~ ~ ~ ~ ~ ~ ~ ~ ~ ~ 
F ~ ~ O O O O ~ O ~ ~ 
G ~ ~ ~ ~ ~ ~ ~ O ~ ~ 
H ~ O O O O O ~ O ~ ~ 
I ~ ~ M ~ ~ ~ ~ ~ ~ ~ 
J ~ ~ ~ ~ ~ ~ ~ ~ ~ ~ 
Player 2, it's your turn:
> A1
You hit a ship! Try again:
Press Enter and pass the move to another player
> 
  1 2 3 4 5 6 7 8 9 10
A ~ ~ ~ ~ ~ ~ ~ ~ ~ ~ 
B ~ ~ ~ ~ ~ ~ ~ ~ ~ ~ 
C ~ ~ ~ ~ ~ ~ ~ ~ ~ ~ 
D ~ ~ ~ ~ ~ ~ ~ ~ ~ ~ 
E ~ ~ ~ ~ ~ ~ ~ ~ ~ ~ 
F ~ ~ ~ ~ ~ ~ ~ ~ ~ ~ 
G ~ ~ ~ ~ ~ ~ ~ ~ ~ ~ 
H ~ ~ ~ ~ ~ ~ ~ ~ ~ ~ 
I ~ ~ ~ ~ ~ ~ ~ ~ ~ ~ 
J ~ ~ ~ ~ ~ ~ ~ ~ ~ ~ 
---------------------
  1 2 3 4 5 6 7 8 9 10
A X ~ ~ ~ ~ ~ ~ ~ ~ ~ 
B O ~ ~ ~ ~ ~ ~ ~ O ~ 
C O ~ ~ ~ ~ ~ ~ ~ X ~ 
D O ~ ~ ~ ~ ~ ~ ~ O ~ 
E ~ ~ ~ ~ ~ ~ ~ ~ ~ ~ 
F ~ ~ O O O O O ~ ~ ~ 
G ~ ~ ~ ~ ~ ~ ~ ~ ~ ~ 
H ~ ~ ~ ~ ~ ~ ~ ~ ~ ~ 
I ~ O ~ ~ ~ ~ ~ ~ ~ ~ 
J ~ O ~ ~ ~ ~ ~ O O O 
Player 1, it's your turn:
> D5
You hit a ship! Try again:
Press Enter and pass the move to another player
> 
  1 2 3 4 5 6 7 8 9 10
A ~ ~ ~ ~ ~ ~ ~ ~ ~ ~ 
B ~ ~ ~ ~ ~ ~ ~ ~ ~ ~ 
C ~ ~ ~ ~ ~ ~ ~ ~ ~ ~ 
D ~ ~ ~ ~ ~ ~ ~ ~ ~ ~ 
E ~ ~ ~ ~ ~ ~ ~ ~ ~ ~ 
F ~ ~ ~ ~ ~ ~ ~ ~ ~ ~ 
G ~ ~ ~ ~ ~ ~ ~ ~ ~ ~ 
H ~ ~ ~ ~ ~ ~ ~ ~ ~ ~ 
I ~ ~ ~ ~ ~ ~ ~ ~ ~ ~ 
J ~ ~ ~ ~ ~ ~ ~ ~ ~ ~ 
---------------------
  1 2 3 4 5 6 7 8 9 10
A ~ ~ ~ ~ ~ ~ ~ ~ ~ ~ 
B ~ ~ ~ ~ ~ ~ ~ ~ ~ ~ 
C ~ ~ ~ ~ ~ ~ ~ O ~ ~ 
D ~ ~ ~ X X O ~ O ~ ~ 
E ~ ~ ~ ~ ~ ~ ~ ~ ~ ~ 
F ~ ~ O O O O ~ O ~ ~ 
G ~ ~ ~ ~ ~ ~ ~ O ~ ~ 
H ~ O O O O O ~ O ~ ~ 
I ~ ~ M ~ ~ ~ ~ ~ ~ ~ 
J ~ ~ ~ ~ ~ ~ ~ ~ ~ ~ 
Player 2, it's your turn:
> B1
You hit a ship! Try again:
Press Enter and pass the move to another player
> 
  1 2 3 4 5 6 7 8 9 10
A ~ ~ ~ ~ ~ ~ ~ ~ ~ ~ 
B ~ ~ ~ ~ ~ ~ ~ ~ ~ ~ 
C ~ ~ ~ ~ ~ ~ ~ ~ ~ ~ 
D ~ ~ ~ ~ ~ ~ ~ ~ ~ ~ 
E ~ ~ ~ ~ ~ ~ ~ ~ ~ ~ 
F ~ ~ ~ ~ ~ ~ ~ ~ ~ ~ 
G ~ ~ ~ ~ ~ ~ ~ ~ ~ ~ 
H ~ ~ ~ ~ ~ ~ ~ ~ ~ ~ 
I ~ ~ ~ ~ ~ ~ ~ ~ ~ ~ 
J ~ ~ ~ ~ ~ ~ ~ ~ ~ ~ 
---------------------
  1 2 3 4 5 6 7 8 9 10
A X ~ ~ ~ ~ ~ ~ ~ ~ ~ 
B X ~ ~ ~ ~ ~ ~ ~ O ~ 
C O ~ ~ ~ ~ ~ ~ ~ X ~ 
D O ~ ~ ~ ~ ~ ~ ~ O ~ 
E ~ ~ ~ ~ ~ ~ ~ ~ ~ ~ 
F ~ ~ O O O O O ~ ~ ~ 
G ~ ~ ~ ~ ~ ~ ~ ~ ~ ~ 
H ~ ~ ~ ~ ~ ~ ~ ~ ~ ~ 
I ~ O ~ ~ ~ ~ ~ ~ ~ ~ 
J ~ O ~ ~ ~ ~ ~ O O O 
Player 1, it's your turn:
> D6
You sank a ship! Specify a new target:
Press Enter and pass the move to another player
> 
  1 2 3 4 5 6 7 8 9 10
A ~ ~ ~ ~ ~ ~ ~ ~ ~ ~ 
B ~ ~ ~ ~ ~ ~ ~ ~ ~ ~ 
C ~ ~ ~ ~ ~ ~ ~ ~ ~ ~ 
D ~ ~ ~ ~ ~ ~ ~ ~ ~ ~ 
E ~ ~ ~ ~ ~ ~ ~ ~ ~ ~ 
F ~ ~ ~ ~ ~ ~ ~ ~ ~ ~ 
G ~ ~ ~ ~ ~ ~ ~ ~ ~ ~ 
H ~ ~ ~ ~ ~ ~ ~ ~ ~ ~ 
I ~ ~ ~ ~ ~ ~ ~ ~ ~ ~ 
J ~ ~ ~ ~ ~ ~ ~ ~ ~ ~ 
---------------------
  1 2 3 4 5 6 7 8 9 10
A ~ ~ ~ ~ ~ ~ ~ ~ ~ ~ 
B ~ ~ ~ ~ ~ ~ ~ ~ ~ ~ 
C ~ ~ ~ ~ ~ ~ ~ O ~ ~ 
D ~ ~ ~ X X X ~ O ~ ~ 
E ~ ~ ~ ~ ~ ~ ~ ~ ~ ~ 
F ~ ~ O O O O ~ O ~ ~ 
G ~ ~ ~ ~ ~ ~ ~ O ~ ~ 
H ~ O O O O O ~ O ~ ~ 
I ~ ~ M ~ ~ ~ ~ ~ ~ ~ 
J ~ ~ ~ ~ ~ ~ ~ ~ ~ ~ 
Player 2, it's your turn:
> C1
You hit a ship! Try again:
Press Enter and pass the move to another player
> 
  1 2 3 4 5 6 7 8 9 10
A ~ ~ ~ ~ ~ ~ ~ ~ ~ ~ 
B ~ ~ ~ ~ ~ ~ ~ ~ ~ ~ 
C ~ ~ ~ ~ ~ ~ ~ ~ ~ ~ 
D ~ ~ ~ ~ ~ ~ ~ ~ ~ ~ 
E ~ ~ ~ ~ ~ ~ ~ ~ ~ ~ 
F ~ ~ ~ ~ ~ ~ ~ ~ ~ ~ 
G ~ ~ ~ ~ ~ ~ ~ ~ ~ ~ 
H ~ ~ ~ ~ ~ ~ ~ ~ ~ ~ 
I ~ ~ ~ ~ ~ ~ ~ ~ ~ ~ 
J ~ ~ ~ ~ ~ ~ ~ ~ ~ ~ 
---------------------
  1 2 3 4 5 6 7 8 9 10
A X ~ ~ ~ ~ ~ ~ ~ ~ ~ 
B X ~ ~ ~ ~ ~ ~ ~ O ~ 
C X ~ ~ ~ ~ ~ ~ ~ X ~ 
D O ~ ~ ~ ~ ~ ~ ~ O ~ 
E ~ ~ ~ ~ ~ ~ ~ ~ ~ ~ 
F ~ ~ O O O O O ~ ~ ~ 
G ~ ~ ~ ~ ~ ~ ~ ~ ~ ~ 
H ~ ~ ~ ~ ~ ~ ~ ~ ~ ~ 
I ~ O ~ ~ ~ ~ ~ ~ ~ ~ 
J ~ O ~ ~ ~ ~ ~ O O O 
Player 1, it's your turn:
> C8
You hit a ship! Try again:
Press Enter and pass the move to another player
> 
  1 2 3 4 5 6 7 8 9 10
A ~ ~ ~ ~ ~ ~ ~ ~ ~ ~ 
B ~ ~ ~ ~ ~ ~ ~ ~ ~ ~ 
C ~ ~ ~ ~ ~ ~ ~ ~ ~ ~ 
D ~ ~ ~ ~ ~ ~ ~ ~ ~ ~ 
E ~ ~ ~ ~ ~ ~ ~ ~ ~ ~ 
F ~ ~ ~ ~ ~ ~ ~ ~ ~ ~ 
G ~ ~ ~ ~ ~ ~ ~ ~ ~ ~ 
H ~ ~ ~ ~ ~ ~ ~ ~ ~ ~ 
I ~ ~ ~ ~ ~ ~ ~ ~ ~ ~ 
J ~ ~ ~ ~ ~ ~ ~ ~ ~ ~ 
---------------------
  1 2 3 4 5 6 7 8 9 10
A ~ ~ ~ ~ ~ ~ ~ ~ ~ ~ 
B ~ ~ ~ ~ ~ ~ ~ ~ ~ ~ 
C ~ ~ ~ ~ ~ ~ ~ X ~ ~ 
D ~ ~ ~ X X X ~ O ~ ~ 
E ~ ~ ~ ~ ~ ~ ~ ~ ~ ~ 
F ~ ~ O O O O ~ O ~ ~ 
G ~ ~ ~ ~ ~ ~ ~ O ~ ~ 
H ~ O O O O O ~ O ~ ~ 
I ~ ~ M ~ ~ ~ ~ ~ ~ ~ 
J ~ ~ ~ ~ ~ ~ ~ ~ ~ ~ 
Player 2, it's your turn:
> D1
You sank a ship! Specify a new target:
Press Enter and pass the move to another player
> 
  1 2 3 4 5 6 7 8 9 10
A ~ ~ ~ ~ ~ ~ ~ ~ ~ ~ 
B ~ ~ ~ ~ ~ ~ ~ ~ ~ ~ 
C ~ ~ ~ ~ ~ ~ ~ ~ ~ ~ 
D ~ ~ ~ ~ ~ ~ ~ ~ ~ ~ 
E ~ ~ ~ ~ ~ ~ ~ ~ ~ ~ 
F ~ ~ ~ ~ ~ ~ ~ ~ ~ ~ 
G ~ ~ ~ ~ ~ ~ ~ ~ ~ ~ 
H ~ ~ ~ ~ ~ ~ ~ ~ ~ ~ 
I ~ ~ ~ ~ ~ ~ ~ ~ ~ ~ 
J ~ ~ ~ ~ ~ ~ ~ ~ ~ ~ 
---------------------
  1 2 3 4 5 6 7 8 9 10
A X ~ ~ ~ ~ ~ ~ ~ ~ ~ 
B X ~ ~ ~ ~ ~ ~ ~ O ~ 
C X ~ ~ ~ ~ ~ ~ ~ X ~ 
D X ~ ~ ~ ~ ~ ~ ~ O ~ 
E ~ ~ ~ ~ ~ ~ ~ ~ ~ ~ 
F ~ ~ O O O O O ~ ~ ~ 
G ~ ~ ~ ~ ~ ~ ~ ~ ~ ~ 
H ~ ~ ~ ~ ~ ~ ~ ~ ~ ~ 
I ~ O ~ ~ ~ ~ ~ ~ ~ ~ 
J ~ O ~ ~ ~ ~ ~ O O O 
Player 1, it's your turn:
> D8
You sank a ship! Specify a new target:
Press Enter and pass the move to another player
> 
  1 2 3 4 5 6 7 8 9 10
A ~ ~ ~ ~ ~ ~ ~ ~ ~ ~ 
B ~ ~ ~ ~ ~ ~ ~ ~ ~ ~ 
C ~ ~ ~ ~ ~ ~ ~ ~ ~ ~ 
D ~ ~ ~ ~ ~ ~ ~ ~ ~ ~ 
E ~ ~ ~ ~ ~ ~ ~ ~ ~ ~ 
F ~ ~ ~ ~ ~ ~ ~ ~ ~ ~ 
G ~ ~ ~ ~ ~ ~ ~ ~ ~ ~ 
H ~ ~ ~ ~ ~ ~ ~ ~ ~ ~ 
I ~ ~ ~ ~ ~ ~ ~ ~ ~ ~ 
J ~ ~ ~ ~ ~ ~ ~ ~ ~ ~ 
---------------------
  1 2 3 4 5 6 7 8 9 10
A ~ ~ ~ ~ ~ ~ ~ ~ ~ ~ 
B ~ ~ ~ ~ ~ ~ ~ ~ ~ ~ 
C ~ ~ ~ ~ ~ ~ ~ X ~ ~ 
D ~ ~ ~ X X X ~ X ~ ~ 
E ~ ~ ~ ~ ~ ~ ~ ~ ~ ~ 
F ~ ~ O O O O ~ O ~ ~ 
G ~ ~ ~ ~ ~ ~ ~ O ~ ~ 
H ~ O O O O O ~ O ~ ~ 
I ~ ~ M ~ ~ ~ ~ ~ ~ ~ 
J ~ ~ ~ ~ ~ ~ ~ ~ ~ ~ 
Player 2, it's your turn:
> B9
You hit a ship! Try again:
Press Enter and pass the move to another player
> 
  1 2 3 4 5 6 7 8 9 10
A ~ ~ ~ ~ ~ ~ ~ ~ ~ ~ 
B ~ ~ ~ ~ ~ ~ ~ ~ ~ ~ 
C ~ ~ ~ ~ ~ ~ ~ ~ ~ ~ 
D ~ ~ ~ ~ ~ ~ ~ ~ ~ ~ 
E ~ ~ ~ ~ ~ ~ ~ ~ ~ ~ 
F ~ ~ ~ ~ ~ ~ ~ ~ ~ ~ 
G ~ ~ ~ ~ ~ ~ ~ ~ ~ ~ 
H ~ ~ ~ ~ ~ ~ ~ ~ ~ ~ 
I ~ ~ ~ ~ ~ ~ ~ ~ ~ ~ 
J ~ ~ ~ ~ ~ ~ ~ ~ ~ ~ 
---------------------
  1 2 3 4 5 6 7 8 9 10
A X ~ ~ ~ ~ ~ ~ ~ ~ ~ 
B X ~ ~ ~ ~ ~ ~ ~ X ~ 
C X ~ ~ ~ ~ ~ ~ ~ X ~ 
D X ~ ~ ~ ~ ~ ~ ~ O ~ 
E ~ ~ ~ ~ ~ ~ ~ ~ ~ ~ 
F ~ ~ O O O O O ~ ~ ~ 
G ~ ~ ~ ~ ~ ~ ~ ~ ~ ~ 
H ~ ~ ~ ~ ~ ~ ~ ~ ~ ~ 
I ~ O ~ ~ ~ ~ ~ ~ ~ ~ 
J ~ O ~ ~ ~ ~ ~ O O O 
Player 1, it's your turn:
> F3
You hit a ship! Try again:
Press Enter and pass the move to another player
> 
  1 2 3 4 5 6 7 8 9 10
A ~ ~ ~ ~ ~ ~ ~ ~ ~ ~ 
B ~ ~ ~ ~ ~ ~ ~ ~ ~ ~ 
C ~ ~ ~ ~ ~ ~ ~ ~ ~ ~ 
D ~ ~ ~ ~ ~ ~ ~ ~ ~ ~ 
E ~ ~ ~ ~ ~ ~ ~ ~ ~ ~ 
F ~ ~ ~ ~ ~ ~ ~ ~ ~ ~ 
G ~ ~ ~ ~ ~ ~ ~ ~ ~ ~ 
H ~ ~ ~ ~ ~ ~ ~ ~ ~ ~ 
I ~ ~ ~ ~ ~ ~ ~ ~ ~ ~ 
J ~ ~ ~ ~ ~ ~ ~ ~ ~ ~ 
---------------------
  1 2 3 4 5 6 7 8 9 10
A ~ ~ ~ ~ ~ ~ ~ ~ ~ ~ 
B ~ ~ ~ ~ ~ ~ ~ ~ ~ ~ 
C ~ ~ ~ ~ ~ ~ ~ X ~ ~ 
D ~ ~ ~ X X X ~ X ~ ~ 
E ~ ~ ~ ~ ~ ~ ~ ~ ~ ~ 
F ~ ~ X O O O ~ O ~ ~ 
G ~ ~ ~ ~ ~ ~ ~ O ~ ~ 
H ~ O O O O O ~ O ~ ~ 
I ~ ~ M ~ ~ ~ ~ ~ ~ ~ 
J ~ ~ ~ ~ ~ ~ ~ ~ ~ ~ 
Player 2, it's your turn:
> C9
You hit a ship! Try again:
Press Enter and pass the move to another player
> 
  1 2 3 4 5 6 7 8 9 10
A ~ ~ ~ ~ ~ ~ ~ ~ ~ ~ 
B ~ ~ ~ ~ ~ ~ ~ ~ ~ ~ 
C ~ ~ ~ ~ ~ ~ ~ ~ ~ ~ 
D ~ ~ ~ ~ ~ ~ ~ ~ ~ ~ 
E ~ ~ ~ ~ ~ ~ ~ ~ ~ ~ 
F ~ ~ ~ ~ ~ ~ ~ ~ ~ ~ 
G ~ ~ ~ ~ ~ ~ ~ ~ ~ ~ 
H ~ ~ ~ ~ ~ ~ ~ ~ ~ ~ 
I ~ ~ ~ ~ ~ ~ ~ ~ ~ ~ 
J ~ ~ ~ ~ ~ ~ ~ ~ ~ ~ 
---------------------
  1 2 3 4 5 6 7 8 9 10
A X ~ ~ ~ ~ ~ ~ ~ ~ ~ 
B X ~ ~ ~ ~ ~ ~ ~ X ~ 
C X ~ ~ ~ ~ ~ ~ ~ X ~ 
D X ~ ~ ~ ~ ~ ~ ~ O ~ 
E ~ ~ ~ ~ ~ ~ ~ ~ ~ ~ 
F ~ ~ O O O O O ~ ~ ~ 
G ~ ~ ~ ~ ~ ~ ~ ~ ~ ~ 
H ~ ~ ~ ~ ~ ~ ~ ~ ~ ~ 
I ~ O ~ ~ ~ ~ ~ ~ ~ ~ 
J ~ O ~ ~ ~ ~ ~ O O O 
Player 1, it's your turn:
> F4
You hit a ship! Try again:
Press Enter and pass the move to another player
> 
  1 2 3 4 5 6 7 8 9 10
A ~ ~ ~ ~ ~ ~ ~ ~ ~ ~ 
B ~ ~ ~ ~ ~ ~ ~ ~ ~ ~ 
C ~ ~ ~ ~ ~ ~ ~ ~ ~ ~ 
D ~ ~ ~ ~ ~ ~ ~ ~ ~ ~ 
E ~ ~ ~ ~ ~ ~ ~ ~ ~ ~ 
F ~ ~ ~ ~ ~ ~ ~ ~ ~ ~ 
G ~ ~ ~ ~ ~ ~ ~ ~ ~ ~ 
H ~ ~ ~ ~ ~ ~ ~ ~ ~ ~ 
I ~ ~ ~ ~ ~ ~ ~ ~ ~ ~ 
J ~ ~ ~ ~ ~ ~ ~ ~ ~ ~ 
---------------------
  1 2 3 4 5 6 7 8 9 10
A ~ ~ ~ ~ ~ ~ ~ ~ ~ ~ 
B ~ ~ ~ ~ ~ ~ ~ ~ ~ ~ 
C ~ ~ ~ ~ ~ ~ ~ X ~ ~ 
D ~ ~ ~ X X X ~ X ~ ~ 
E ~ ~ ~ ~ ~ ~ ~ ~ ~ ~ 
F ~ ~ X X O O ~ O ~ ~ 
G ~ ~ ~ ~ ~ ~ ~ O ~ ~ 
H ~ O O O O O ~ O ~ ~ 
I ~ ~ M ~ ~ ~ ~ ~ ~ ~ 
J ~ ~ ~ ~ ~ ~ ~ ~ ~ ~ 
Player 2, it's your turn:
> D9
You sank a ship! Specify a new target:
Press Enter and pass the move to another player
> 
  1 2 3 4 5 6 7 8 9 10
A ~ ~ ~ ~ ~ ~ ~ ~ ~ ~ 
B ~ ~ ~ ~ ~ ~ ~ ~ ~ ~ 
C ~ ~ ~ ~ ~ ~ ~ ~ ~ ~ 
D ~ ~ ~ ~ ~ ~ ~ ~ ~ ~ 
E ~ ~ ~ ~ ~ ~ ~ ~ ~ ~ 
F ~ ~ ~ ~ ~ ~ ~ ~ ~ ~ 
G ~ ~ ~ ~ ~ ~ ~ ~ ~ ~ 
H ~ ~ ~ ~ ~ ~ ~ ~ ~ ~ 
I ~ ~ ~ ~ ~ ~ ~ ~ ~ ~ 
J ~ ~ ~ ~ ~ ~ ~ ~ ~ ~ 
---------------------
  1 2 3 4 5 6 7 8 9 10
A X ~ ~ ~ ~ ~ ~ ~ ~ ~ 
B X ~ ~ ~ ~ ~ ~ ~ X ~ 
C X ~ ~ ~ ~ ~ ~ ~ X ~ 
D X ~ ~ ~ ~ ~ ~ ~ X ~ 
E ~ ~ ~ ~ ~ ~ ~ ~ ~ ~ 
F ~ ~ O O O O O ~ ~ ~ 
G ~ ~ ~ ~ ~ ~ ~ ~ ~ ~ 
H ~ ~ ~ ~ ~ ~ ~ ~ ~ ~ 
I ~ O ~ ~ ~ ~ ~ ~ ~ ~ 
J ~ O ~ ~ ~ ~ ~ O O O 
Player 1, it's your turn:
> F5
You hit a ship! Try again:
Press Enter and pass the move to another player
> 
  1 2 3 4 5 6 7 8 9 10
A ~ ~ ~ ~ ~ ~ ~ ~ ~ ~ 
B ~ ~ ~ ~ ~ ~ ~ ~ ~ ~ 
C ~ ~ ~ ~ ~ ~ ~ ~ ~ ~ 
D ~ ~ ~ ~ ~ ~ ~ ~ ~ ~ 
E ~ ~ ~ ~ ~ ~ ~ ~ ~ ~ 
F ~ ~ ~ ~ ~ ~ ~ ~ ~ ~ 
G ~ ~ ~ ~ ~ ~ ~ ~ ~ ~ 
H ~ ~ ~ ~ ~ ~ ~ ~ ~ ~ 
I ~ ~ ~ ~ ~ ~ ~ ~ ~ ~ 
J ~ ~ ~ ~ ~ ~ ~ ~ ~ ~ 
---------------------
  1 2 3 4 5 6 7 8 9 10
A ~ ~ ~ ~ ~ ~ ~ ~ ~ ~ 
B ~ ~ ~ ~ ~ ~ ~ ~ ~ ~ 
C ~ ~ ~ ~ ~ ~ ~ X ~ ~ 
D ~ ~ ~ X X X ~ X ~ ~ 
E ~ ~ ~ ~ ~ ~ ~ ~ ~ ~ 
F ~ ~ X X X O ~ O ~ ~ 
G ~ ~ ~ ~ ~ ~ ~ O ~ ~ 
H ~ O O O O O ~ O ~ ~ 
I ~ ~ M ~ ~ ~ ~ ~ ~ ~ 
J ~ ~ ~ ~ ~ ~ ~ ~ ~ ~ 
Player 2, it's your turn:
> F3
You hit a ship! Try again:
Press Enter and pass the move to another player
> 
  1 2 3 4 5 6 7 8 9 10
A ~ ~ ~ ~ ~ ~ ~ ~ ~ ~ 
B ~ ~ ~ ~ ~ ~ ~ ~ ~ ~ 
C ~ ~ ~ ~ ~ ~ ~ ~ ~ ~ 
D ~ ~ ~ ~ ~ ~ ~ ~ ~ ~ 
E ~ ~ ~ ~ ~ ~ ~ ~ ~ ~ 
F ~ ~ ~ ~ ~ ~ ~ ~ ~ ~ 
G ~ ~ ~ ~ ~ ~ ~ ~ ~ ~ 
H ~ ~ ~ ~ ~ ~ ~ ~ ~ ~ 
I ~ ~ ~ ~ ~ ~ ~ ~ ~ ~ 
J ~ ~ ~ ~ ~ ~ ~ ~ ~ ~ 
---------------------
  1 2 3 4 5 6 7 8 9 10
A X ~ ~ ~ ~ ~ ~ ~ ~ ~ 
B X ~ ~ ~ ~ ~ ~ ~ X ~ 
C X ~ ~ ~ ~ ~ ~ ~ X ~ 
D X ~ ~ ~ ~ ~ ~ ~ X ~ 
E ~ ~ ~ ~ ~ ~ ~ ~ ~ ~ 
F ~ ~ X O O O O ~ ~ ~ 
G ~ ~ ~ ~ ~ ~ ~ ~ ~ ~ 
H ~ ~ ~ ~ ~ ~ ~ ~ ~ ~ 
I ~ O ~ ~ ~ ~ ~ ~ ~ ~ 
J ~ O ~ ~ ~ ~ ~ O O O 
Player 1, it's your turn:
> F6
You sank a ship! Specify a new target:
Press Enter and pass the move to another player
> 
  1 2 3 4 5 6 7 8 9 10
A ~ ~ ~ ~ ~ ~ ~ ~ ~ ~ 
B ~ ~ ~ ~ ~ ~ ~ ~ ~ ~ 
C ~ ~ ~ ~ ~ ~ ~ ~ ~ ~ 
D ~ ~ ~ ~ ~ ~ ~ ~ ~ ~ 
E ~ ~ ~ ~ ~ ~ ~ ~ ~ ~ 
F ~ ~ ~ ~ ~ ~ ~ ~ ~ ~ 
G ~ ~ ~ ~ ~ ~ ~ ~ ~ ~ 
H ~ ~ ~ ~ ~ ~ ~ ~ ~ ~ 
I ~ ~ ~ ~ ~ ~ ~ ~ ~ ~ 
J ~ ~ ~ ~ ~ ~ ~ ~ ~ ~ 
---------------------
  1 2 3 4 5 6 7 8 9 10
A ~ ~ ~ ~ ~ ~ ~ ~ ~ ~ 
B ~ ~ ~ ~ ~ ~ ~ ~ ~ ~ 
C ~ ~ ~ ~ ~ ~ ~ X ~ ~ 
D ~ ~ ~ X X X ~ X ~ ~ 
E ~ ~ ~ ~ ~ ~ ~ ~ ~ ~ 
F ~ ~ X X X X ~ O ~ ~ 
G ~ ~ ~ ~ ~ ~ ~ O ~ ~ 
H ~ O O O O O ~ O ~ ~ 
I ~ ~ M ~ ~ ~ ~ ~ ~ ~ 
J ~ ~ ~ ~ ~ ~ ~ ~ ~ ~ 
Player 2, it's your turn:
> F4
You hit a ship! Try again:
Press Enter and pass the move to another player
> 
  1 2 3 4 5 6 7 8 9 10
A ~ ~ ~ ~ ~ ~ ~ ~ ~ ~ 
B ~ ~ ~ ~ ~ ~ ~ ~ ~ ~ 
C ~ ~ ~ ~ ~ ~ ~ ~ ~ ~ 
D ~ ~ ~ ~ ~ ~ ~ ~ ~ ~ 
E ~ ~ ~ ~ ~ ~ ~ ~ ~ ~ 
F ~ ~ ~ ~ ~ ~ ~ ~ ~ ~ 
G ~ ~ ~ ~ ~ ~ ~ ~ ~ ~ 
H ~ ~ ~ ~ ~ ~ ~ ~ ~ ~ 
I ~ ~ ~ ~ ~ ~ ~ ~ ~ ~ 
J ~ ~ ~ ~ ~ ~ ~ ~ ~ ~ 
---------------------
  1 2 3 4 5 6 7 8 9 10
A X ~ ~ ~ ~ ~ ~ ~ ~ ~ 
B X ~ ~ ~ ~ ~ ~ ~ X ~ 
C X ~ ~ ~ ~ ~ ~ ~ X ~ 
D X ~ ~ ~ ~ ~ ~ ~ X ~ 
E ~ ~ ~ ~ ~ ~ ~ ~ ~ ~ 
F ~ ~ X X O O O ~ ~ ~ 
G ~ ~ ~ ~ ~ ~ ~ ~ ~ ~ 
H ~ ~ ~ ~ ~ ~ ~ ~ ~ ~ 
I ~ O ~ ~ ~ ~ ~ ~ ~ ~ 
J ~ O ~ ~ ~ ~ ~ O O O 
Player 1, it's your turn:
> F7
You missed. Try again:
Press Enter and pass the move to another player
> 
  1 2 3 4 5 6 7 8 9 10
A ~ ~ ~ ~ ~ ~ ~ ~ ~ ~ 
B ~ ~ ~ ~ ~ ~ ~ ~ ~ ~ 
C ~ ~ ~ ~ ~ ~ ~ ~ ~ ~ 
D ~ ~ ~ ~ ~ ~ ~ ~ ~ ~ 
E ~ ~ ~ ~ ~ ~ ~ ~ ~ ~ 
F ~ ~ ~ ~ ~ ~ ~ ~ ~ ~ 
G ~ ~ ~ ~ ~ ~ ~ ~ ~ ~ 
H ~ ~ ~ ~ ~ ~ ~ ~ ~ ~ 
I ~ ~ ~ ~ ~ ~ ~ ~ ~ ~ 
J ~ ~ ~ ~ ~ ~ ~ ~ ~ ~ 
---------------------
  1 2 3 4 5 6 7 8 9 10
A ~ ~ ~ ~ ~ ~ ~ ~ ~ ~ 
B ~ ~ ~ ~ ~ ~ ~ ~ ~ ~ 
C ~ ~ ~ ~ ~ ~ ~ X ~ ~ 
D ~ ~ ~ X X X ~ X ~ ~ 
E ~ ~ ~ ~ ~ ~ ~ ~ ~ ~ 
F ~ ~ X X X X M O ~ ~ 
G ~ ~ ~ ~ ~ ~ ~ O ~ ~ 
H ~ O O O O O ~ O ~ ~ 
I ~ ~ M ~ ~ ~ ~ ~ ~ ~ 
J ~ ~ ~ ~ ~ ~ ~ ~ ~ ~ 
Player 2, it's your turn:
> F5
You hit a ship! Try again:
Press Enter and pass the move to another player
> 
  1 2 3 4 5 6 7 8 9 10
A ~ ~ ~ ~ ~ ~ ~ ~ ~ ~ 
B ~ ~ ~ ~ ~ ~ ~ ~ ~ ~ 
C ~ ~ ~ ~ ~ ~ ~ ~ ~ ~ 
D ~ ~ ~ ~ ~ ~ ~ ~ ~ ~ 
E ~ ~ ~ ~ ~ ~ ~ ~ ~ ~ 
F ~ ~ ~ ~ ~ ~ ~ ~ ~ ~ 
G ~ ~ ~ ~ ~ ~ ~ ~ ~ ~ 
H ~ ~ ~ ~ ~ ~ ~ ~ ~ ~ 
I ~ ~ ~ ~ ~ ~ ~ ~ ~ ~ 
J ~ ~ ~ ~ ~ ~ ~ ~ ~ ~ 
---------------------
  1 2 3 4 5 6 7 8 9 10
A X ~ ~ ~ ~ ~ ~ ~ ~ ~ 
B X ~ ~ ~ ~ ~ ~ ~ X ~ 
C X ~ ~ ~ ~ ~ ~ ~ X ~ 
D X ~ ~ ~ ~ ~ ~ ~ X ~ 
E ~ ~ ~ ~ ~ ~ ~ ~ ~ ~ 
F ~ ~ X X X O O ~ ~ ~ 
G ~ ~ ~ ~ ~ ~ ~ ~ ~ ~ 
H ~ ~ ~ ~ ~ ~ ~ ~ ~ ~ 
I ~ O ~ ~ ~ ~ ~ ~ ~ ~ 
J ~ O ~ ~ ~ ~ ~ O O O 
Player 1, it's your turn:
> D10
You missed. Try again:
Press Enter and pass the move to another player
> 
  1 2 3 4 5 6 7 8 9 10
A ~ ~ ~ ~ ~ ~ ~ ~ ~ ~ 
B ~ ~ ~ ~ ~ ~ ~ ~ ~ ~ 
C ~ ~ ~ ~ ~ ~ ~ ~ ~ ~ 
D ~ ~ ~ ~ ~ ~ ~ ~ ~ ~ 
E ~ ~ ~ ~ ~ ~ ~ ~ ~ ~ 
F ~ ~ ~ ~ ~ ~ ~ ~ ~ ~ 
G ~ ~ ~ ~ ~ ~ ~ ~ ~ ~ 
H ~ ~ ~ ~ ~ ~ ~ ~ ~ ~ 
I ~ ~ ~ ~ ~ ~ ~ ~ ~ ~ 
J ~ ~ ~ ~ ~ ~ ~ ~ ~ ~ 
---------------------
  1 2 3 4 5 6 7 8 9 10
A ~ ~ ~ ~ ~ ~ ~ ~ ~ ~ 
B ~ ~ ~ ~ ~ ~ ~ ~ ~ ~ 
C ~ ~ ~ ~ ~ ~ ~ X ~ ~ 
D ~ ~ ~ X X X ~ X ~ M 
E ~ ~ ~ ~ ~ ~ ~ ~ ~ ~ 
F ~ ~ X X X X M O ~ ~ 
G ~ ~ ~ ~ ~ ~ ~ O ~ ~ 
H ~ O O O O O ~ O ~ ~ 
I ~ ~ M ~ ~ ~ ~ ~ ~ ~ 
J ~ ~ ~ ~ ~ ~ ~ ~ ~ ~ 
Player 2, it's your turn:
> F6
You hit a ship! Try again:
Press Enter and pass the move to another player
> 
  1 2 3 4 5 6 7 8 9 10
A ~ ~ ~ ~ ~ ~ ~ ~ ~ ~ 
B ~ ~ ~ ~ ~ ~ ~ ~ ~ ~ 
C ~ ~ ~ ~ ~ ~ ~ ~ ~ ~ 
D ~ ~ ~ ~ ~ ~ ~ ~ ~ ~ 
E ~ ~ ~ ~ ~ ~ ~ ~ ~ ~ 
F ~ ~ ~ ~ ~ ~ ~ ~ ~ ~ 
G ~ ~ ~ ~ ~ ~ ~ ~ ~ ~ 
H ~ ~ ~ ~ ~ ~ ~ ~ ~ ~ 
I ~ ~ ~ ~ ~ ~ ~ ~ ~ ~ 
J ~ ~ ~ ~ ~ ~ ~ ~ ~ ~ 
---------------------
  1 2 3 4 5 6 7 8 9 10
A X ~ ~ ~ ~ ~ ~ ~ ~ ~ 
B X ~ ~ ~ ~ ~ ~ ~ X ~ 
C X ~ ~ ~ ~ ~ ~ ~ X ~ 
D X ~ ~ ~ ~ ~ ~ ~ X ~ 
E ~ ~ ~ ~ ~ ~ ~ ~ ~ ~ 
F ~ ~ X X X X O ~ ~ ~ 
G ~ ~ ~ ~ ~ ~ ~ ~ ~ ~ 
H ~ ~ ~ ~ ~ ~ ~ ~ ~ ~ 
I ~ O ~ ~ ~ ~ ~ ~ ~ ~ 
J ~ O ~ ~ ~ ~ ~ O O O 
Player 1, it's your turn:
> E10
You missed. Try again:
Press Enter and pass the move to another player
> 
  1 2 3 4 5 6 7 8 9 10
A ~ ~ ~ ~ ~ ~ ~ ~ ~ ~ 
B ~ ~ ~ ~ ~ ~ ~ ~ ~ ~ 
C ~ ~ ~ ~ ~ ~ ~ ~ ~ ~ 
D ~ ~ ~ ~ ~ ~ ~ ~ ~ ~ 
E ~ ~ ~ ~ ~ ~ ~ ~ ~ ~ 
F ~ ~ ~ ~ ~ ~ ~ ~ ~ ~ 
G ~ ~ ~ ~ ~ ~ ~ ~ ~ ~ 
H ~ ~ ~ ~ ~ ~ ~ ~ ~ ~ 
I ~ ~ ~ ~ ~ ~ ~ ~ ~ ~ 
J ~ ~ ~ ~ ~ ~ ~ ~ ~ ~ 
---------------------
  1 2 3 4 5 6 7 8 9 10
A ~ ~ ~ ~ ~ ~ ~ ~ ~ ~ 
B ~ ~ ~ ~ ~ ~ ~ ~ ~ ~ 
C ~ ~ ~ ~ ~ ~ ~ X ~ ~ 
D ~ ~ ~ X X X ~ X ~ M 
E ~ ~ ~ ~ ~ ~ ~ ~ ~ M 
F ~ ~ X X X X M O ~ ~ 
G ~ ~ ~ ~ ~ ~ ~ O ~ ~ 
H ~ O O O O O ~ O ~ ~ 
I ~ ~ M ~ ~ ~ ~ ~ ~ ~ 
J ~ ~ ~ ~ ~ ~ ~ ~ ~ ~ 
Player 2, it's your turn:
> F7
You sank a ship! Specify a new target:
Press Enter and pass the move to another player
> 
  1 2 3 4 5 6 7 8 9 10
A ~ ~ ~ ~ ~ ~ ~ ~ ~ ~ 
B ~ ~ ~ ~ ~ ~ ~ ~ ~ ~ 
C ~ ~ ~ ~ ~ ~ ~ ~ ~ ~ 
D ~ ~ ~ ~ ~ ~ ~ ~ ~ ~ 
E ~ ~ ~ ~ ~ ~ ~ ~ ~ ~ 
F ~ ~ ~ ~ ~ ~ ~ ~ ~ ~ 
G ~ ~ ~ ~ ~ ~ ~ ~ ~ ~ 
H ~ ~ ~ ~ ~ ~ ~ ~ ~ ~ 
I ~ ~ ~ ~ ~ ~ ~ ~ ~ ~ 
J ~ ~ ~ ~ ~ ~ ~ ~ ~ ~ 
---------------------
  1 2 3 4 5 6 7 8 9 10
A X ~ ~ ~ ~ ~ ~ ~ ~ ~ 
B X ~ ~ ~ ~ ~ ~ ~ X ~ 
C X ~ ~ ~ ~ ~ ~ ~ X ~ 
D X ~ ~ ~ ~ ~ ~ ~ X ~ 
E ~ ~ ~ ~ ~ ~ ~ ~ ~ ~ 
F ~ ~ X X X X X ~ ~ ~ 
G ~ ~ ~ ~ ~ ~ ~ ~ ~ ~ 
H ~ ~ ~ ~ ~ ~ ~ ~ ~ ~ 
I ~ O ~ ~ ~ ~ ~ ~ ~ ~ 
J ~ O ~ ~ ~ ~ ~ O O O 
Player 1, it's your turn:
> F10
You missed. Try again:
Press Enter and pass the move to another player
> 
  1 2 3 4 5 6 7 8 9 10
A ~ ~ ~ ~ ~ ~ ~ ~ ~ ~ 
B ~ ~ ~ ~ ~ ~ ~ ~ ~ ~ 
C ~ ~ ~ ~ ~ ~ ~ ~ ~ ~ 
D ~ ~ ~ ~ ~ ~ ~ ~ ~ ~ 
E ~ ~ ~ ~ ~ ~ ~ ~ ~ ~ 
F ~ ~ ~ ~ ~ ~ ~ ~ ~ ~ 
G ~ ~ ~ ~ ~ ~ ~ ~ ~ ~ 
H ~ ~ ~ ~ ~ ~ ~ ~ ~ ~ 
I ~ ~ ~ ~ ~ ~ ~ ~ ~ ~ 
J ~ ~ ~ ~ ~ ~ ~ ~ ~ ~ 
---------------------
  1 2 3 4 5 6 7 8 9 10
A ~ ~ ~ ~ ~ ~ ~ ~ ~ ~ 
B ~ ~ ~ ~ ~ ~ ~ ~ ~ ~ 
C ~ ~ ~ ~ ~ ~ ~ X ~ ~ 
D ~ ~ ~ X X X ~ X ~ M 
E ~ ~ ~ ~ ~ ~ ~ ~ ~ M 
F ~ ~ X X X X M O ~ M 
G ~ ~ ~ ~ ~ ~ ~ O ~ ~ 
H ~ O O O O O ~ O ~ ~ 
I ~ ~ M ~ ~ ~ ~ ~ ~ ~ 
J ~ ~ ~ ~ ~ ~ ~ ~ ~ ~ 
Player 2, it's your turn:
> I2
You hit a ship! Try again:
Press Enter and pass the move to another player
> 
  1 2 3 4 5 6 7 8 9 10
A ~ ~ ~ ~ ~ ~ ~ ~ ~ ~ 
B ~ ~ ~ ~ ~ ~ ~ ~ ~ ~ 
C ~ ~ ~ ~ ~ ~ ~ ~ ~ ~ 
D ~ ~ ~ ~ ~ ~ ~ ~ ~ ~ 
E ~ ~ ~ ~ ~ ~ ~ ~ ~ ~ 
F ~ ~ ~ ~ ~ ~ ~ ~ ~ ~ 
G ~ ~ ~ ~ ~ ~ ~ ~ ~ ~ 
H ~ ~ ~ ~ ~ ~ ~ ~ ~ ~ 
I ~ ~ ~ ~ ~ ~ ~ ~ ~ ~ 
J ~ ~ ~ ~ ~ ~ ~ ~ ~ ~ 
---------------------
  1 2 3 4 5 6 7 8 9 10
A X ~ ~ ~ ~ ~ ~ ~ ~ ~ 
B X ~ ~ ~ ~ ~ ~ ~ X ~ 
C X ~ ~ ~ ~ ~ ~ ~ X ~ 
D X ~ ~ ~ ~ ~ ~ ~ X ~ 
E ~ ~ ~ ~ ~ ~ ~ ~ ~ ~ 
F ~ ~ X X X X X ~ ~ ~ 
G ~ ~ ~ ~ ~ ~ ~ ~ ~ ~ 
H ~ ~ ~ ~ ~ ~ ~ ~ ~ ~ 
I ~ X ~ ~ ~ ~ ~ ~ ~ ~ 
J ~ O ~ ~ ~ ~ ~ O O O 
Player 1, it's your turn:
> G10
You missed. Try again:
Press Enter and pass the move to another player
> 
  1 2 3 4 5 6 7 8 9 10
A ~ ~ ~ ~ ~ ~ ~ ~ ~ ~ 
B ~ ~ ~ ~ ~ ~ ~ ~ ~ ~ 
C ~ ~ ~ ~ ~ ~ ~ ~ ~ ~ 
D ~ ~ ~ ~ ~ ~ ~ ~ ~ ~ 
E ~ ~ ~ ~ ~ ~ ~ ~ ~ ~ 
F ~ ~ ~ ~ ~ ~ ~ ~ ~ ~ 
G ~ ~ ~ ~ ~ ~ ~ ~ ~ ~ 
H ~ ~ ~ ~ ~ ~ ~ ~ ~ ~ 
I ~ ~ ~ ~ ~ ~ ~ ~ ~ ~ 
J ~ ~ ~ ~ ~ ~ ~ ~ ~ ~ 
---------------------
  1 2 3 4 5 6 7 8 9 10
A ~ ~ ~ ~ ~ ~ ~ ~ ~ ~ 
B ~ ~ ~ ~ ~ ~ ~ ~ ~ ~ 
C ~ ~ ~ ~ ~ ~ ~ X ~ ~ 
D ~ ~ ~ X X X ~ X ~ M 
E ~ ~ ~ ~ ~ ~ ~ ~ ~ M 
F ~ ~ X X X X M O ~ M 
G ~ ~ ~ ~ ~ ~ ~ O ~ M 
H ~ O O O O O ~ O ~ ~ 
I ~ ~ M ~ ~ ~ ~ ~ ~ ~ 
J ~ ~ ~ ~ ~ ~ ~ ~ ~ ~ 
Player 2, it's your turn:
> J2
You sank a ship! Specify a new target:
Press Enter and pass the move to another player
> 
  1 2 3 4 5 6 7 8 9 10
A ~ ~ ~ ~ ~ ~ ~ ~ ~ ~ 
B ~ ~ ~ ~ ~ ~ ~ ~ ~ ~ 
C ~ ~ ~ ~ ~ ~ ~ ~ ~ ~ 
D ~ ~ ~ ~ ~ ~ ~ ~ ~ ~ 
E ~ ~ ~ ~ ~ ~ ~ ~ ~ ~ 
F ~ ~ ~ ~ ~ ~ ~ ~ ~ ~ 
G ~ ~ ~ ~ ~ ~ ~ ~ ~ ~ 
H ~ ~ ~ ~ ~ ~ ~ ~ ~ ~ 
I ~ ~ ~ ~ ~ ~ ~ ~ ~ ~ 
J ~ ~ ~ ~ ~ ~ ~ ~ ~ ~ 
---------------------
  1 2 3 4 5 6 7 8 9 10
A X ~ ~ ~ ~ ~ ~ ~ ~ ~ 
B X ~ ~ ~ ~ ~ ~ ~ X ~ 
C X ~ ~ ~ ~ ~ ~ ~ X ~ 
D X ~ ~ ~ ~ ~ ~ ~ X ~ 
E ~ ~ ~ ~ ~ ~ ~ ~ ~ ~ 
F ~ ~ X X X X X ~ ~ ~ 
G ~ ~ ~ ~ ~ ~ ~ ~ ~ ~ 
H ~ ~ ~ ~ ~ ~ ~ ~ ~ ~ 
I ~ X ~ ~ ~ ~ ~ ~ ~ ~ 
J ~ X ~ ~ ~ ~ ~ O O O 
Player 1, it's your turn:
> J1
You missed. Try again:
Press Enter and pass the move to another player
> 
  1 2 3 4 5 6 7 8 9 10
A ~ ~ ~ ~ ~ ~ ~ ~ ~ ~ 
B ~ ~ ~ ~ ~ ~ ~ ~ ~ ~ 
C ~ ~ ~ ~ ~ ~ ~ ~ ~ ~ 
D ~ ~ ~ ~ ~ ~ ~ ~ ~ ~ 
E ~ ~ ~ ~ ~ ~ ~ ~ ~ ~ 
F ~ ~ ~ ~ ~ ~ ~ ~ ~ ~ 
G ~ ~ ~ ~ ~ ~ ~ ~ ~ ~ 
H ~ ~ ~ ~ ~ ~ ~ ~ ~ ~ 
I ~ ~ ~ ~ ~ ~ ~ ~ ~ ~ 
J ~ ~ ~ ~ ~ ~ ~ ~ ~ ~ 
---------------------
  1 2 3 4 5 6 7 8 9 10
A ~ ~ ~ ~ ~ ~ ~ ~ ~ ~ 
B ~ ~ ~ ~ ~ ~ ~ ~ ~ ~ 
C ~ ~ ~ ~ ~ ~ ~ X ~ ~ 
D ~ ~ ~ X X X ~ X ~ M 
E ~ ~ ~ ~ ~ ~ ~ ~ ~ M 
F ~ ~ X X X X M O ~ M 
G ~ ~ ~ ~ ~ ~ ~ O ~ M 
H ~ O O O O O ~ O ~ ~ 
I ~ ~ M ~ ~ ~ ~ ~ ~ ~ 
J M ~ ~ ~ ~ ~ ~ ~ ~ ~ 
Player 2, it's your turn:
> J8
You hit a ship! Try again:
Press Enter and pass the move to another player
> 
  1 2 3 4 5 6 7 8 9 10
A ~ ~ ~ ~ ~ ~ ~ ~ ~ ~ 
B ~ ~ ~ ~ ~ ~ ~ ~ ~ ~ 
C ~ ~ ~ ~ ~ ~ ~ ~ ~ ~ 
D ~ ~ ~ ~ ~ ~ ~ ~ ~ ~ 
E ~ ~ ~ ~ ~ ~ ~ ~ ~ ~ 
F ~ ~ ~ ~ ~ ~ ~ ~ ~ ~ 
G ~ ~ ~ ~ ~ ~ ~ ~ ~ ~ 
H ~ ~ ~ ~ ~ ~ ~ ~ ~ ~ 
I ~ ~ ~ ~ ~ ~ ~ ~ ~ ~ 
J ~ ~ ~ ~ ~ ~ ~ ~ ~ ~ 
---------------------
  1 2 3 4 5 6 7 8 9 10
A X ~ ~ ~ ~ ~ ~ ~ ~ ~ 
B X ~ ~ ~ ~ ~ ~ ~ X ~ 
C X ~ ~ ~ ~ ~ ~ ~ X ~ 
D X ~ ~ ~ ~ ~ ~ ~ X ~ 
E ~ ~ ~ ~ ~ ~ ~ ~ ~ ~ 
F ~ ~ X X X X X ~ ~ ~ 
G ~ ~ ~ ~ ~ ~ ~ ~ ~ ~ 
H ~ ~ ~ ~ ~ ~ ~ ~ ~ ~ 
I ~ X ~ ~ ~ ~ ~ ~ ~ ~ 
J ~ X ~ ~ ~ ~ ~ X O O 
Player 1, it's your turn:
> J2
You missed. Try again:
Press Enter and pass the move to another player
> 
  1 2 3 4 5 6 7 8 9 10
A ~ ~ ~ ~ ~ ~ ~ ~ ~ ~ 
B ~ ~ ~ ~ ~ ~ ~ ~ ~ ~ 
C ~ ~ ~ ~ ~ ~ ~ ~ ~ ~ 
D ~ ~ ~ ~ ~ ~ ~ ~ ~ ~ 
E ~ ~ ~ ~ ~ ~ ~ ~ ~ ~ 
F ~ ~ ~ ~ ~ ~ ~ ~ ~ ~ 
G ~ ~ ~ ~ ~ ~ ~ ~ ~ ~ 
H ~ ~ ~ ~ ~ ~ ~ ~ ~ ~ 
I ~ ~ ~ ~ ~ ~ ~ ~ ~ ~ 
J ~ ~ ~ ~ ~ ~ ~ ~ ~ ~ 
---------------------
  1 2 3 4 5 6 7 8 9 10
A ~ ~ ~ ~ ~ ~ ~ ~ ~ ~ 
B ~ ~ ~ ~ ~ ~ ~ ~ ~ ~ 
C ~ ~ ~ ~ ~ ~ ~ X ~ ~ 
D ~ ~ ~ X X X ~ X ~ M 
E ~ ~ ~ ~ ~ ~ ~ ~ ~ M 
F ~ ~ X X X X M O ~ M 
G ~ ~ ~ ~ ~ ~ ~ O ~ M 
H ~ O O O O O ~ O ~ ~ 
I ~ ~ M ~ ~ ~ ~ ~ ~ ~ 
J M M ~ ~ ~ ~ ~ ~ ~ ~ 
Player 2, it's your turn:
> J9
You hit a ship! Try again:
Press Enter and pass the move to another player
> 
  1 2 3 4 5 6 7 8 9 10
A ~ ~ ~ ~ ~ ~ ~ ~ ~ ~ 
B ~ ~ ~ ~ ~ ~ ~ ~ ~ ~ 
C ~ ~ ~ ~ ~ ~ ~ ~ ~ ~ 
D ~ ~ ~ ~ ~ ~ ~ ~ ~ ~ 
E ~ ~ ~ ~ ~ ~ ~ ~ ~ ~ 
F ~ ~ ~ ~ ~ ~ ~ ~ ~ ~ 
G ~ ~ ~ ~ ~ ~ ~ ~ ~ ~ 
H ~ ~ ~ ~ ~ ~ ~ ~ ~ ~ 
I ~ ~ ~ ~ ~ ~ ~ ~ ~ ~ 
J ~ ~ ~ ~ ~ ~ ~ ~ ~ ~ 
---------------------
  1 2 3 4 5 6 7 8 9 10
A X ~ ~ ~ ~ ~ ~ ~ ~ ~ 
B X ~ ~ ~ ~ ~ ~ ~ X ~ 
C X ~ ~ ~ ~ ~ ~ ~ X ~ 
D X ~ ~ ~ ~ ~ ~ ~ X ~ 
E ~ ~ ~ ~ ~ ~ ~ ~ ~ ~ 
F ~ ~ X X X X X ~ ~ ~ 
G ~ ~ ~ ~ ~ ~ ~ ~ ~ ~ 
H ~ ~ ~ ~ ~ ~ ~ ~ ~ ~ 
I ~ X ~ ~ ~ ~ ~ ~ ~ ~ 
J ~ X ~ ~ ~ ~ ~ X X O 
Player 1, it's your turn:
> J3
You missed. Try again:
Press Enter and pass the move to another player
> 
  1 2 3 4 5 6 7 8 9 10
A ~ ~ ~ ~ ~ ~ ~ ~ ~ ~ 
B ~ ~ ~ ~ ~ ~ ~ ~ ~ ~ 
C ~ ~ ~ ~ ~ ~ ~ ~ ~ ~ 
D ~ ~ ~ ~ ~ ~ ~ ~ ~ ~ 
E ~ ~ ~ ~ ~ ~ ~ ~ ~ ~ 
F ~ ~ ~ ~ ~ ~ ~ ~ ~ ~ 
G ~ ~ ~ ~ ~ ~ ~ ~ ~ ~ 
H ~ ~ ~ ~ ~ ~ ~ ~ ~ ~ 
I ~ ~ ~ ~ ~ ~ ~ ~ ~ ~ 
J ~ ~ ~ ~ ~ ~ ~ ~ ~ ~ 
---------------------
  1 2 3 4 5 6 7 8 9 10
A ~ ~ ~ ~ ~ ~ ~ ~ ~ ~ 
B ~ ~ ~ ~ ~ ~ ~ ~ ~ ~ 
C ~ ~ ~ ~ ~ ~ ~ X ~ ~ 
D ~ ~ ~ X X X ~ X ~ M 
E ~ ~ ~ ~ ~ ~ ~ ~ ~ M 
F ~ ~ X X X X M O ~ M 
G ~ ~ ~ ~ ~ ~ ~ O ~ M 
H ~ O O O O O ~ O ~ ~ 
I ~ ~ M ~ ~ ~ ~ ~ ~ ~ 
J M M M ~ ~ ~ ~ ~ ~ ~ 
Player 2, it's your turn:
> J10
You sank the last ship. You won. Congratulations!
]]></system-out>
  <system-err><![CDATA[]]></system-err>
</testsuite>
